<?xml version="1.0" encoding="UTF-8"?>
<!-- Generated by org.testng.reporters.JUnitXMLReporter -->
<testsuite ignored="0" hostname="DESKTOP-1T2AMDB" failures="0" tests="2" name="Surefire test" time="104.433" errors="0" timestamp="2020-04-12T21:13:32 IST">
  <testcase classname="qaclickacademy.DynamicDropDownTest" name="DynamicDropDowntest" time="23.04"/>
  <testcase classname="qaclickacademy.SpicejetFilightSearchWithCurrentDateTest" name="SpicejetFilightSearchWithCurrentDatetest" time="81.355"/>
</testsuite> <!-- Surefire test -->
