<?xml version="1.0" encoding="UTF-8"?>
<!-- Generated by org.testng.reporters.JUnitXMLReporter -->
<testsuite ignored="0" hostname="DESKTOP-1T2AMDB" failures="0" tests="5" name="Command line test" time="159.382" errors="0" timestamp="2020-04-18T09:47:36 IST">
  <testcase classname="qaclickacademy.DemoTest" name="Demo" time="16.654"/>
  <testcase classname="qaclickacademy.DropDownTest" name="DropDown" time="29.637"/>
  <testcase classname="qaclickacademy.DynamicDropDownTest" name="DynamicDropDown" time="18.419"/>
  <testcase classname="qaclickacademy.SpicejetFilightSearchWithCurrentDateTest" name="SpicejetFilightSearchWithCurrentDate" time="54.067"/>
  <testcase classname="qaclickacademy.UptimizedAddToCartTest" name="UptimizedAddToCart" time="40.548"/>
</testsuite> <!-- Command line test -->
