<?xml version="1.0" encoding="UTF-8"?>
<!-- Generated by org.testng.reporters.JUnitXMLReporter -->
<testsuite ignored="0" hostname="DESKTOP-1T2AMDB" failures="0" tests="3" name="Test" time="100.089" errors="0" timestamp="2020-04-12T21:28:30 IST">
  <testcase classname="qaclickacademy.DropDownTest" name="DropDowntest" time="30.529"/>
  <testcase classname="qaclickacademy.SpicejetFilightSearchWithCurrentDateTest" name="SpicejetFilightSearchWithCurrentDatetest" time="51.837"/>
  <testcase classname="qaclickacademy.DynamicDropDownTest" name="DynamicDropDowntest" time="17.597"/>
</testsuite> <!-- Test -->
