<?xml version="1.0" encoding="UTF-8"?>
<testng-results skipped="0" failed="0" ignored="0" total="1" passed="1">
  <reporter-output>
  </reporter-output>
  <suite name="Default suite" duration-ms="13344" started-at="2020-04-19T10:57:45 IST" finished-at="2020-04-19T10:57:58 IST">
    <groups>
    </groups>
    <test name="Default test" duration-ms="13344" started-at="2020-04-19T10:57:45 IST" finished-at="2020-04-19T10:57:58 IST">
      <class name="qaclickacademy.DemoTest">
        <test-method status="PASS" signature="Demo()[pri:0, instance:qaclickacademy.DemoTest@dd05255]" name="Demo" duration-ms="13296" started-at="2020-04-19T10:57:45 IST" finished-at="2020-04-19T10:57:58 IST">
          <reporter-output>
          </reporter-output>
        </test-method> <!-- Demo -->
      </class> <!-- qaclickacademy.DemoTest -->
    </test> <!-- Default test -->
  </suite> <!-- Default suite -->
</testng-results>
